TN:
SF:src\js-foundation\01-template.ts
FNF:0
FNH:0
DA:1,1
DA:2,1
DA:3,1
DA:4,1
DA:5,1
DA:6,1
LF:6
LH:6
BRF:0
BRH:0
end_of_record
TN:
SF:src\js-foundation\02-destructuring.ts
FNF:0
FNH:0
DA:1,1
DA:2,1
DA:3,1
DA:4,1
DA:5,1
DA:6,1
DA:7,1
DA:8,1
DA:9,1
DA:10,1
DA:11,1
LF:11
LH:11
BRF:0
BRH:0
end_of_record
TN:
SF:src\js-foundation\03-callbacks.ts
FN:17,getUserById
FNF:1
FNH:1
FNDA:2,getUserById
DA:1,1
DA:2,1
DA:3,1
DA:4,1
DA:5,1
DA:6,1
DA:7,1
DA:8,1
DA:9,1
DA:10,1
DA:11,1
DA:12,1
DA:13,1
DA:14,1
DA:15,1
DA:16,1
DA:17,1
DA:18,2
DA:19,3
DA:20,2
DA:21,2
DA:22,2
DA:23,1
DA:24,1
DA:25,1
DA:26,1
DA:27,1
LF:27
LH:27
BRDA:17,0,0,2
BRDA:22,1,0,1
BRDA:18,2,0,3
BRF:3
BRH:3
end_of_record
TN:
SF:src\js-foundation\05-factory.ts
FN:15,buildMakePerson
FNF:1
FNH:1
FNDA:2,buildMakePerson
DA:1,1
DA:2,1
DA:3,1
DA:4,1
DA:5,1
DA:6,1
DA:7,1
DA:8,1
DA:9,1
DA:10,1
DA:11,1
DA:12,1
DA:13,1
DA:14,1
DA:15,1
DA:16,2
DA:17,1
DA:18,1
DA:19,1
DA:20,1
DA:21,1
DA:22,1
DA:23,1
DA:24,2
DA:25,1
DA:26,1
DA:27,1
DA:28,1
DA:29,1
DA:30,1
DA:31,1
DA:32,1
DA:33,1
DA:34,1
DA:35,1
DA:36,1
DA:37,1
DA:38,1
DA:39,1
LF:39
LH:39
BRDA:15,0,0,2
BRDA:16,1,0,1
BRF:2
BRH:2
end_of_record
TN:
SF:src\js-foundation\06-promises.ts
FN:3,getPokemonById
FNF:1
FNH:1
FNDA:2,getPokemonById
DA:1,1
DA:2,1
DA:3,1
DA:4,2
DA:5,2
DA:6,2
DA:7,2
DA:8,1
DA:9,1
DA:10,1
DA:11,1
DA:12,2
DA:13,2
DA:14,2
DA:15,2
DA:16,2
DA:17,2
DA:18,2
DA:19,2
DA:20,2
DA:21,2
DA:22,2
LF:22
LH:22
BRDA:3,0,0,2
BRDA:8,1,0,1
BRF:2
BRH:2
end_of_record
TN:
SF:src\plugins\get-age.plugin.ts
FN:3,getAge
FNF:1
FNH:1
FNDA:3,getAge
DA:1,1
DA:2,1
DA:3,1
DA:4,3
DA:5,3
DA:6,3
DA:7,3
DA:8,3
LF:8
LH:8
BRDA:3,0,0,3
BRF:1
BRH:1
end_of_record
TN:
SF:src\plugins\get-id.plugin.ts
FN:3,getUUID
FNF:1
FNH:1
FNDA:1,getUUID
DA:1,1
DA:2,1
DA:3,1
DA:4,1
DA:5,1
LF:5
LH:5
BRDA:3,0,0,1
BRF:1
BRH:1
end_of_record
TN:
SF:src\plugins\http-client.plugin.ts
FN:4,get
FN:15,post
FN:18,put
FN:21,delete
FNF:4
FNH:1
FNDA:3,get
FNDA:0,post
FNDA:0,put
FNDA:0,delete
DA:1,1
DA:2,1
DA:3,1
DA:4,1
DA:5,3
DA:6,2
DA:7,2
DA:8,2
DA:9,2
DA:10,2
DA:11,2
DA:12,2
DA:13,1
DA:14,1
DA:15,1
DA:16,0
DA:17,1
DA:18,1
DA:19,0
DA:20,1
DA:21,1
DA:22,0
DA:23,1
DA:24,1
DA:25,1
LF:25
LH:22
BRDA:4,0,0,3
BRDA:6,1,0,2
BRF:2
BRH:2
end_of_record
TN:
SF:src\plugins\logger.plugin.ts
FN:30,buildLogger
FN:32,log
FN:35,error
FNF:3
FNH:2
FNDA:2,buildLogger
FNDA:1,log
FNDA:0,error
DA:1,1
DA:2,1
DA:3,1
DA:4,1
DA:5,1
DA:6,1
DA:7,1
DA:8,1
DA:9,1
DA:10,1
DA:11,1
DA:12,1
DA:13,1
DA:14,1
DA:15,1
DA:16,1
DA:17,1
DA:18,1
DA:19,1
DA:20,1
DA:21,1
DA:22,1
DA:23,1
DA:24,1
DA:25,1
DA:26,1
DA:27,1
DA:28,1
DA:29,1
DA:30,1
DA:31,2
DA:32,2
DA:33,1
DA:34,2
DA:35,2
DA:36,0
DA:37,0
DA:38,0
DA:39,0
DA:40,0
DA:41,2
DA:42,2
DA:43,2
LF:43
LH:38
BRDA:30,0,0,2
BRDA:32,1,0,1
BRF:2
BRH:2
end_of_record
